<?xml version="1.0" encoding="UTF-8"?>
<coverage generated="1762596156934" clover="3.2.0">
  <project timestamp="1762596156934" name="All files">
    <metrics statements="2" coveredstatements="2" conditionals="5" coveredconditionals="5" methods="1" coveredmethods="1" elements="8" coveredelements="8" complexity="0" loc="2" ncloc="2" packages="1" files="1" classes="1"/>
    <file name="button.tsx" path="/Users/ravikumarr/Documents/Frontend/Architecture/vite-react-lint-dev-to-prod/src/components/button.tsx">
      <metrics statements="2" coveredstatements="2" conditionals="5" coveredconditionals="5" methods="1" coveredmethods="1"/>
      <line num="7" count="1" type="cond" truecount="1" falsecount="0"/>
      <line num="8" count="3" type="stmt"/>
    </file>
  </project>
</coverage>
