{"/Users/ravikumarr/Documents/Frontend/Architecture/vite-react-lint-dev-to-prod/src/components/button.tsx": {"path":"/Users/ravikumarr/Documents/Frontend/Architecture/vite-react-lint-dev-to-prod/src/components/button.tsx","statementMap":{"0":{"start":{"line":7,"column":38},"end":{"line":25,"column":null}},"1":{"start":{"line":8,"column":2},"end":{"line":23,"column":null}}},"fnMap":{"0":{"name":"(anonymous_0)","decl":{"start":{"line":7,"column":38},"end":{"line":7,"column":39}},"loc":{"start":{"line":7,"column":79},"end":{"line":25,"column":null}},"line":7}},"branchMap":{"0":{"loc":{"start":{"line":7,"column":56},"end":{"line":7,"column":73}},"type":"default-arg","locations":[{"start":{"line":7,"column":67},"end":{"line":7,"column":73}}],"line":7},"1":{"loc":{"start":{"line":15,"column":25},"end":{"line":15,"column":null}},"type":"cond-expr","locations":[{"start":{"line":15,"column":36},"end":{"line":15,"column":45}},{"start":{"line":15,"column":45},"end":{"line":15,"column":null}}],"line":15},"2":{"loc":{"start":{"line":19,"column":16},"end":{"line":19,"column":null}},"type":"cond-expr","locations":[{"start":{"line":19,"column":27},"end":{"line":19,"column":43}},{"start":{"line":19,"column":43},"end":{"line":19,"column":null}}],"line":19}},"s":{"0":1,"1":3},"f":{"0":3},"b":{"0":[3],"1":[1,2],"2":[1,2]},"meta":{"lastBranch":3,"lastFunction":1,"lastStatement":2,"seen":{"s:7:38:25:Infinity":0,"f:7:38:7:39":0,"b:7:67:7:73":0,"s:8:2:23:Infinity":1,"b:15:36:15:45:15:45:15:Infinity":1,"b:19:27:19:43:19:43:19:Infinity":2}}}
}
